<?xml version="1.0" encoding="UTF-8"?>
<!-- Generated by org.testng.reporters.JUnitXMLReporter -->
<testsuite ignored="2" hostname="TAPASs-MacBook-Air.local" failures="1" tests="1" name="TestGmail" time="17.376" errors="0" timestamp="2023-01-16T17:22:22 IST">
  <testcase classname="screenshot.TestClassForScreenShot" name="testGmail" time="11.0">
    <failure type="java.lang.AssertionError" message="Title is not matched expected [Gmail] but found [Gmail: Private and secure email at no cost | Google Workspace]">
      <![CDATA[java.lang.AssertionError: Title is not matched expected [Gmail] but found [Gmail: Private and secure email at no cost | Google Workspace]
at screenshot.TestClassForScreenShot.testGmail(TestClassForScreenShot.java:21)
at java.base/java.util.ArrayList.forEach(ArrayList.java:1511)
... Removed 32 stack frames]]>
    </failure>
  </testcase> <!-- testGmail -->
  <testcase classname="screenshot.TestClassForScreenShot" name="testOrangeHrm" time="0.0">
    <ignored/>
  </testcase> <!-- testOrangeHrm -->
  <testcase classname="screenshot.TestClassForScreenShot" name="testFacebook" time="0.0">
    <ignored/>
  </testcase> <!-- testFacebook -->
</testsuite> <!-- TestGmail -->
