<?xml version="1.0" encoding="UTF-8"?>
<testng-results ignored="0" total="2" passed="1" failed="1" skipped="0">
  <reporter-output>
  </reporter-output>
  <suite started-at="2023-03-11T11:23:45 IST" name="Default suite" finished-at="2023-03-11T11:24:22 IST" duration-ms="37593">
    <groups>
    </groups>
    <test started-at="2023-03-11T11:23:45 IST" name="Default test" finished-at="2023-03-11T11:24:22 IST" duration-ms="37593">
      <class name="testpackage.FirstTest">
        <test-method is-config="true" signature="setUp()[pri:0, instance:testpackage.FirstTest@17046283]" started-at="2023-03-11T11:23:45 IST" name="setUp" finished-at="2023-03-11T11:23:51 IST" duration-ms="6509" status="PASS">
          <reporter-output>
          </reporter-output>
        </test-method> <!-- setUp -->
        <test-method signature="testFacebook()[pri:0, instance:testpackage.FirstTest@17046283]" started-at="2023-03-11T11:23:51 IST" name="testFacebook" finished-at="2023-03-11T11:24:07 IST" duration-ms="15807" status="FAIL">
          <exception class="java.lang.AssertionError">
            <message>
              <![CDATA[Get back on Facebook expected:<Log in to Facebook> but was:<Title is mismatched>]]>
            </message>
            <full-stacktrace>
              <![CDATA[java.lang.AssertionError: Get back on Facebook expected:<Log in to Facebook> but was:<Title is mismatched>
at org.testng.AssertJUnit.assertEquals(AssertJUnit.java:115)
at testpackage.FirstTest.testFacebook(FirstTest.java:63)
at java.base/jdk.internal.reflect.NativeMethodAccessorImpl.invoke0(Native Method)
at java.base/jdk.internal.reflect.NativeMethodAccessorImpl.invoke(NativeMethodAccessorImpl.java:77)
at java.base/jdk.internal.reflect.DelegatingMethodAccessorImpl.invoke(DelegatingMethodAccessorImpl.java:43)
at java.base/java.lang.reflect.Method.invoke(Method.java:568)
at org.testng.internal.invokers.MethodInvocationHelper.invokeMethod(MethodInvocationHelper.java:139)
at org.testng.internal.invokers.TestInvoker.invokeMethod(TestInvoker.java:677)
at org.testng.internal.invokers.TestInvoker.invokeTestMethod(TestInvoker.java:221)
at org.testng.internal.invokers.MethodRunner.runInSequence(MethodRunner.java:50)
at org.testng.internal.invokers.TestInvoker$MethodInvocationAgent.invoke(TestInvoker.java:962)
at org.testng.internal.invokers.TestInvoker.invokeTestMethods(TestInvoker.java:194)
at org.testng.internal.invokers.TestMethodWorker.invokeTestMethods(TestMethodWorker.java:148)
at org.testng.internal.invokers.TestMethodWorker.run(TestMethodWorker.java:128)
at java.base/java.util.ArrayList.forEach(ArrayList.java:1511)
at org.testng.TestRunner.privateRun(TestRunner.java:806)
at org.testng.TestRunner.run(TestRunner.java:601)
at org.testng.SuiteRunner.runTest(SuiteRunner.java:433)
at org.testng.SuiteRunner.runSequentially(SuiteRunner.java:427)
at org.testng.SuiteRunner.privateRun(SuiteRunner.java:387)
at org.testng.SuiteRunner.run(SuiteRunner.java:330)
at org.testng.SuiteRunnerWorker.runSuite(SuiteRunnerWorker.java:52)
at org.testng.SuiteRunnerWorker.run(SuiteRunnerWorker.java:95)
at org.testng.TestNG.runSuitesSequentially(TestNG.java:1256)
at org.testng.TestNG.runSuitesLocally(TestNG.java:1176)
at org.testng.TestNG.runSuites(TestNG.java:1099)
at org.testng.TestNG.run(TestNG.java:1067)
at org.testng.remote.AbstractRemoteTestNG.run(AbstractRemoteTestNG.java:115)
at org.testng.remote.RemoteTestNG.initAndRun(RemoteTestNG.java:251)
at org.testng.remote.RemoteTestNG.main(RemoteTestNG.java:77)
]]>
            </full-stacktrace>
          </exception> <!-- java.lang.AssertionError -->
          <reporter-output>
          </reporter-output>
        </test-method> <!-- testFacebook -->
        <test-method is-config="true" signature="tearDown()[pri:0, instance:testpackage.FirstTest@17046283]" started-at="2023-03-11T11:24:07 IST" name="tearDown" finished-at="2023-03-11T11:24:08 IST" duration-ms="839" status="PASS">
          <reporter-output>
          </reporter-output>
        </test-method> <!-- tearDown -->
        <test-method is-config="true" signature="setUp()[pri:0, instance:testpackage.FirstTest@17046283]" started-at="2023-03-11T11:24:08 IST" name="setUp" finished-at="2023-03-11T11:24:13 IST" duration-ms="4782" status="PASS">
          <reporter-output>
          </reporter-output>
        </test-method> <!-- setUp -->
        <test-method signature="testGoogle()[pri:0, instance:testpackage.FirstTest@17046283]" started-at="2023-03-11T11:24:13 IST" name="testGoogle" finished-at="2023-03-11T11:24:22 IST" duration-ms="9410" status="PASS">
          <reporter-output>
          </reporter-output>
        </test-method> <!-- testGoogle -->
        <test-method is-config="true" signature="tearDown()[pri:0, instance:testpackage.FirstTest@17046283]" started-at="2023-03-11T11:24:22 IST" name="tearDown" finished-at="2023-03-11T11:24:22 IST" duration-ms="228" status="PASS">
          <reporter-output>
          </reporter-output>
        </test-method> <!-- tearDown -->
      </class> <!-- testpackage.FirstTest -->
    </test> <!-- Default test -->
  </suite> <!-- Default suite -->
</testng-results>
